  main.cpp
C:\Users\ПК\Desktop\Programming_Project\Lesson\Play\Play_Arcanoid Cosmos\main.cpp(63,12): warning C4244: аргумент: преобразование "time_t" в "unsigned int", возможна потеря данных
C:\Users\ПК\Desktop\Programming_Project\Lesson\Play\Play_Arcanoid Cosmos\main.cpp(130,55): warning C4244: аргумент: преобразование "int" в "float", возможна потеря данных
C:\Users\ПК\Desktop\Programming_Project\Lesson\Play\Play_Arcanoid Cosmos\main.cpp(130,40): warning C4244: аргумент: преобразование "int" в "float", возможна потеря данных
C:\Users\ПК\Desktop\Programming_Project\Lesson\Play\Play_Arcanoid Cosmos\main.cpp(177,28): warning C4244: аргумент: преобразование "int" в "float", возможна потеря данных
C:\Users\ПК\Desktop\Programming_Project\Lesson\Play\Play_Arcanoid Cosmos\main.cpp(178,30): warning C4305: аргумент: усечение из "double" в "float"
C:\Users\ПК\Desktop\Programming_Project\Lesson\Play\Play_Arcanoid Cosmos\main.cpp(357,59): warning C4244: аргумент: преобразование "int" в "float", возможна потеря данных
C:\Users\ПК\Desktop\Programming_Project\Lesson\Play\Play_Arcanoid Cosmos\main.cpp(357,44): warning C4244: аргумент: преобразование "int" в "float", возможна потеря данных
C:\Users\ПК\Desktop\Programming_Project\Lesson\Play\Play_Arcanoid Cosmos\main.cpp(375,59): warning C4244: аргумент: преобразование "int" в "float", возможна потеря данных
C:\Users\ПК\Desktop\Programming_Project\Lesson\Play\Play_Arcanoid Cosmos\main.cpp(375,44): warning C4244: аргумент: преобразование "int" в "float", возможна потеря данных
C:\Users\ПК\Desktop\Programming_Project\Lesson\Play\Play_Arcanoid Cosmos\main.cpp(423,55): warning C4244: аргумент: преобразование "int" в "float", возможна потеря данных
C:\Users\ПК\Desktop\Programming_Project\Lesson\Play\Play_Arcanoid Cosmos\main.cpp(423,40): warning C4244: аргумент: преобразование "int" в "float", возможна потеря данных
C:\Users\ПК\Desktop\Programming_Project\Lesson\Play\Play_Arcanoid Cosmos\main.cpp(451,25): warning C4244: аргумент: преобразование "int" в "float", возможна потеря данных
C:\Users\ПК\Desktop\Programming_Project\Lesson\Play\Play_Arcanoid Cosmos\main.cpp(458,32): warning C4244: аргумент: преобразование "double" в "float", возможна потеря данных
C:\Users\ПК\Desktop\Programming_Project\Lesson\Play\Play_Arcanoid Cosmos\main.cpp(458,21): warning C4244: аргумент: преобразование "double" в "float", возможна потеря данных
C:\Users\ПК\Desktop\Programming_Project\Lesson\Play\Play_Arcanoid Cosmos\main.cpp(518,28): warning C4305: аргумент: усечение из "double" в "float"
C:\Users\ПК\Desktop\Programming_Project\Lesson\Play\Play_Arcanoid Cosmos\main.cpp(521,27): warning C4305: аргумент: усечение из "double" в "float"
C:\Users\ПК\Desktop\Programming_Project\Lesson\Play\Play_Arcanoid Cosmos\main.cpp(525,29): warning C4305: аргумент: усечение из "double" в "float"
C:\Users\ПК\Desktop\Programming_Project\Lesson\Play\Play_Arcanoid Cosmos\main.cpp(528,28): warning C4305: аргумент: усечение из "double" в "float"
C:\Users\ПК\Desktop\Programming_Project\Lesson\Play\Play_Arcanoid Cosmos\main.cpp(541,29): warning C4305: аргумент: усечение из "double" в "float"
C:\Users\ПК\Desktop\Programming_Project\Lesson\Play\Play_Arcanoid Cosmos\main.cpp(544,28): warning C4305: аргумент: усечение из "double" в "float"
C:\Users\ПК\Desktop\Programming_Project\Lesson\Play\Play_Arcanoid Cosmos\main.cpp(552,25): warning C4244: аргумент: преобразование "double" в "float", возможна потеря данных
C:\Users\ПК\Desktop\Programming_Project\Lesson\Play\Play_Arcanoid Cosmos\main.cpp(573,24): warning C4244: аргумент: преобразование "double" в "float", возможна потеря данных
C:\Users\ПК\Desktop\Programming_Project\Lesson\Play\Play_Arcanoid Cosmos\main.cpp(588,25): warning C4305: аргумент: усечение из "double" в "float"
C:\Users\ПК\Desktop\Programming_Project\Lesson\Play\Play_Arcanoid Cosmos\main.cpp(593,27): warning C4244: аргумент: преобразование "int" в "float", возможна потеря данных
C:\Users\ПК\Desktop\Programming_Project\Lesson\Play\Play_Arcanoid Cosmos\main.cpp(602,27): warning C4244: аргумент: преобразование "int" в "float", возможна потеря данных
C:\Users\ПК\Desktop\Programming_Project\Lesson\Play\Play_Arcanoid Cosmos\main.cpp(615,27): warning C4244: аргумент: преобразование "int" в "float", возможна потеря данных
C:\Users\ПК\Desktop\Programming_Project\Lesson\Play\Play_Arcanoid Cosmos\main.cpp(674,23): warning C4244: аргумент: преобразование "int" в "float", возможна потеря данных
  Play_Arcanoid Cosmos.vcxproj -> C:\Users\ПК\Desktop\Programming_Project\Lesson\Play\Play_Arcanoid Cosmos\Debug\Play_Arcanoid Cosmos.exe
